c:\vector-edk-master\Build\AppPkg\DEBUG_VS2010x86\X64\ShellPkg\Library\BasePathLib\BasePathLib\OUTPUT\BasePathLib.lib
c:\vector-edk-master\Build\AppPkg\DEBUG_VS2010x86\X64\StdLib\LibC\Signal\Signal\OUTPUT\LibSignal.lib
c:\vector-edk-master\Build\AppPkg\DEBUG_VS2010x86\X64\StdLib\LibC\Uefi\Devices\daUtility\OUTPUT\DevUtility.lib
c:\vector-edk-master\Build\AppPkg\DEBUG_VS2010x86\X64\StdLib\PosixLib\Gen\LibGen\OUTPUT\LibGen.lib
c:\vector-edk-master\Build\AppPkg\DEBUG_VS2010x86\X64\StdLib\LibC\Uefi\Uefi\OUTPUT\LibUefi.lib
c:\vector-edk-master\Build\AppPkg\DEBUG_VS2010x86\X64\StdLib\LibC\Time\Time\OUTPUT\LibTime.lib
c:\vector-edk-master\Build\AppPkg\DEBUG_VS2010x86\X64\StdLib\LibC\Locale\Locale\OUTPUT\LibLocale.lib
c:\vector-edk-master\Build\AppPkg\DEBUG_VS2010x86\X64\StdLib\LibC\gdtoa\gdtoa\OUTPUT\LibGdtoa.lib
c:\vector-edk-master\Build\AppPkg\DEBUG_VS2010x86\X64\StdLib\LibC\Ctype\Ctype\OUTPUT\LibCtype.lib
c:\vector-edk-master\Build\AppPkg\DEBUG_VS2010x86\X64\MdePkg\Library\BasePrintLib\BasePrintLib\OUTPUT\BasePrintLib.lib
c:\vector-edk-master\Build\AppPkg\DEBUG_VS2010x86\X64\StdLib\LibC\String\String\OUTPUT\LibString.lib
c:\vector-edk-master\Build\AppPkg\DEBUG_VS2010x86\X64\StdLib\LibC\Stdio\Stdio\OUTPUT\LibStdio.lib
c:\vector-edk-master\Build\AppPkg\DEBUG_VS2010x86\X64\StdLib\LibC\StdLib\StdLib\OUTPUT\LibStdLib.lib
c:\vector-edk-master\Build\AppPkg\DEBUG_VS2010x86\X64\MdePkg\Library\UefiMemoryAllocationLib\UefiMemoryAllocationLib\OUTPUT\UefiMemoryAllocationLib.lib
c:\vector-edk-master\Build\AppPkg\DEBUG_VS2010x86\X64\MdePkg\Library\BasePcdLibNull\BasePcdLibNull\OUTPUT\BasePcdLibNull.lib
c:\vector-edk-master\Build\AppPkg\DEBUG_VS2010x86\X64\MdePkg\Library\BaseLib\BaseLib\OUTPUT\BaseLib.lib
c:\vector-edk-master\Build\AppPkg\DEBUG_VS2010x86\X64\MdePkg\Library\UefiApplicationEntryPoint\UefiApplicationEntryPoint\OUTPUT\UefiApplicationEntryPoint.lib
c:\vector-edk-master\Build\AppPkg\DEBUG_VS2010x86\X64\MdePkg\Library\BaseDebugLibNull\BaseDebugLibNull\OUTPUT\BaseDebugLibNull.lib
c:\vector-edk-master\Build\AppPkg\DEBUG_VS2010x86\X64\ShellPkg\Library\UefiShellCEntryLib\UefiShellCEntryLib\OUTPUT\UefiShellCEntryLib.lib
c:\vector-edk-master\Build\AppPkg\DEBUG_VS2010x86\X64\StdLib\LibC\LibC\OUTPUT\LibC.lib
c:\vector-edk-master\Build\AppPkg\DEBUG_VS2010x86\X64\MdePkg\Library\BaseMemoryLib\BaseMemoryLib\OUTPUT\BaseMemoryLib.lib
c:\vector-edk-master\Build\AppPkg\DEBUG_VS2010x86\X64\StdLib\LibC\Containers\ContainerLib\OUTPUT\LibContainer.lib
c:\vector-edk-master\Build\AppPkg\DEBUG_VS2010x86\X64\StdLib\LibC\Uefi\InteractiveIO\IIO\OUTPUT\LibIIO.lib
c:\vector-edk-master\Build\AppPkg\DEBUG_VS2010x86\X64\StdLib\LibC\Wchar\Wchar\OUTPUT\LibWchar.lib
c:\vector-edk-master\Build\AppPkg\DEBUG_VS2010x86\X64\MdePkg\Library\UefiBootServicesTableLib\UefiBootServicesTableLib\OUTPUT\UefiBootServicesTableLib.lib
c:\vector-edk-master\Build\AppPkg\DEBUG_VS2010x86\X64\StdLib\LibC\Uefi\Devices\daConsole\OUTPUT\DevConsole.lib
c:\vector-edk-master\Build\AppPkg\DEBUG_VS2010x86\X64\MdePkg\Library\UefiRuntimeServicesTableLib\UefiRuntimeServicesTableLib\OUTPUT\UefiRuntimeServicesTableLib.lib
c:\vector-edk-master\Build\AppPkg\DEBUG_VS2010x86\X64\MdePkg\Library\UefiDevicePathLib\UefiDevicePathLib\OUTPUT\UefiDevicePathLib.lib
c:\vector-edk-master\Build\AppPkg\DEBUG_VS2010x86\X64\MdePkg\Library\UefiLib\UefiLib\OUTPUT\UefiLib.lib
c:\vector-edk-master\Build\AppPkg\DEBUG_VS2010x86\X64\ShellPkg\Library\UefiSortLib\UefiSortLib\OUTPUT\UefiSortLib.lib
c:\vector-edk-master\Build\AppPkg\DEBUG_VS2010x86\X64\MdeModulePkg\Library\UefiHiiLib\UefiHiiLib\OUTPUT\UefiHiiLib.lib
c:\vector-edk-master\Build\AppPkg\DEBUG_VS2010x86\X64\ShellPkg\Library\UefiFileHandleLib\UefiFileHandleLib\OUTPUT\BaseFileHandleLib.lib
c:\vector-edk-master\Build\AppPkg\DEBUG_VS2010x86\X64\ShellPkg\Library\UefiShellLib\UefiShellLib\OUTPUT\UefiShellLib.lib
c:\vector-edk-master\Build\AppPkg\DEBUG_VS2010x86\X64\MdeModulePkg\Library\UefiHiiServicesLib\UefiHiiServicesLib\OUTPUT\UefiHiiServicesLib.lib
c:\vector-edk-master\Build\AppPkg\DEBUG_VS2010x86\X64\StdLib\BsdSocketLib\BsdSocketLib\OUTPUT\BsdSocketLib.lib
c:\vector-edk-master\Build\AppPkg\DEBUG_VS2010x86\X64\StdLib\LibC\Uefi\Devices\daShell\OUTPUT\DevShell.lib
c:\vector-edk-master\Build\AppPkg\DEBUG_VS2010x86\X64\StdLib\EfiSocketLib\EfiSocketLib\OUTPUT\EfiSocketLib.lib
c:\vector-edk-master\Build\AppPkg\DEBUG_VS2010x86\X64\StdLib\LibC\Math\Math\OUTPUT\LibMath.lib
c:\vector-edk-master\Build\AppPkg\DEBUG_VS2010x86\X64\StdLib\LibC\NetUtil\NetUtil\OUTPUT\LibNetUtil.lib
c:\vector-edk-master\Build\AppPkg\DEBUG_VS2010x86\X64\AppPkg\Applications\Sockets\GetAddrInfo\GetAddrInfo\OUTPUT\GetAddrInfo.lib