c:\vector-edk-master\Build\AppPkg\DEBUG_VS2010x86\X64\StdLib\LibC\Stdio\Stdio\OUTPUT\clrerr.obj
c:\vector-edk-master\Build\AppPkg\DEBUG_VS2010x86\X64\StdLib\LibC\Stdio\Stdio\OUTPUT\fclose.obj
c:\vector-edk-master\Build\AppPkg\DEBUG_VS2010x86\X64\StdLib\LibC\Stdio\Stdio\OUTPUT\fdopen.obj
c:\vector-edk-master\Build\AppPkg\DEBUG_VS2010x86\X64\StdLib\LibC\Stdio\Stdio\OUTPUT\feof.obj
c:\vector-edk-master\Build\AppPkg\DEBUG_VS2010x86\X64\StdLib\LibC\Stdio\Stdio\OUTPUT\ferror.obj
c:\vector-edk-master\Build\AppPkg\DEBUG_VS2010x86\X64\StdLib\LibC\Stdio\Stdio\OUTPUT\fflush.obj
c:\vector-edk-master\Build\AppPkg\DEBUG_VS2010x86\X64\StdLib\LibC\Stdio\Stdio\OUTPUT\fgetc.obj
c:\vector-edk-master\Build\AppPkg\DEBUG_VS2010x86\X64\StdLib\LibC\Stdio\Stdio\OUTPUT\fgetln.obj
c:\vector-edk-master\Build\AppPkg\DEBUG_VS2010x86\X64\StdLib\LibC\Stdio\Stdio\OUTPUT\fgetpos.obj
c:\vector-edk-master\Build\AppPkg\DEBUG_VS2010x86\X64\StdLib\LibC\Stdio\Stdio\OUTPUT\fgets.obj
c:\vector-edk-master\Build\AppPkg\DEBUG_VS2010x86\X64\StdLib\LibC\Stdio\Stdio\OUTPUT\fopen.obj
c:\vector-edk-master\Build\AppPkg\DEBUG_VS2010x86\X64\StdLib\LibC\Stdio\Stdio\OUTPUT\fprintf.obj
c:\vector-edk-master\Build\AppPkg\DEBUG_VS2010x86\X64\StdLib\LibC\Stdio\Stdio\OUTPUT\fputc.obj
c:\vector-edk-master\Build\AppPkg\DEBUG_VS2010x86\X64\StdLib\LibC\Stdio\Stdio\OUTPUT\fputs.obj
c:\vector-edk-master\Build\AppPkg\DEBUG_VS2010x86\X64\StdLib\LibC\Stdio\Stdio\OUTPUT\fread.obj
c:\vector-edk-master\Build\AppPkg\DEBUG_VS2010x86\X64\StdLib\LibC\Stdio\Stdio\OUTPUT\freopen.obj
c:\vector-edk-master\Build\AppPkg\DEBUG_VS2010x86\X64\StdLib\LibC\Stdio\Stdio\OUTPUT\fscanf.obj
c:\vector-edk-master\Build\AppPkg\DEBUG_VS2010x86\X64\StdLib\LibC\Stdio\Stdio\OUTPUT\fseek.obj
c:\vector-edk-master\Build\AppPkg\DEBUG_VS2010x86\X64\StdLib\LibC\Stdio\Stdio\OUTPUT\fsetpos.obj
c:\vector-edk-master\Build\AppPkg\DEBUG_VS2010x86\X64\StdLib\LibC\Stdio\Stdio\OUTPUT\ftell.obj
c:\vector-edk-master\Build\AppPkg\DEBUG_VS2010x86\X64\StdLib\LibC\Stdio\Stdio\OUTPUT\fwrite.obj
c:\vector-edk-master\Build\AppPkg\DEBUG_VS2010x86\X64\StdLib\LibC\Stdio\Stdio\OUTPUT\getc.obj
c:\vector-edk-master\Build\AppPkg\DEBUG_VS2010x86\X64\StdLib\LibC\Stdio\Stdio\OUTPUT\getchar.obj
c:\vector-edk-master\Build\AppPkg\DEBUG_VS2010x86\X64\StdLib\LibC\Stdio\Stdio\OUTPUT\gets.obj
c:\vector-edk-master\Build\AppPkg\DEBUG_VS2010x86\X64\StdLib\LibC\Stdio\Stdio\OUTPUT\perror.obj
c:\vector-edk-master\Build\AppPkg\DEBUG_VS2010x86\X64\StdLib\LibC\Stdio\Stdio\OUTPUT\printf.obj
c:\vector-edk-master\Build\AppPkg\DEBUG_VS2010x86\X64\StdLib\LibC\Stdio\Stdio\OUTPUT\putc.obj
c:\vector-edk-master\Build\AppPkg\DEBUG_VS2010x86\X64\StdLib\LibC\Stdio\Stdio\OUTPUT\putchar.obj
c:\vector-edk-master\Build\AppPkg\DEBUG_VS2010x86\X64\StdLib\LibC\Stdio\Stdio\OUTPUT\puts.obj
c:\vector-edk-master\Build\AppPkg\DEBUG_VS2010x86\X64\StdLib\LibC\Stdio\Stdio\OUTPUT\remove.obj
c:\vector-edk-master\Build\AppPkg\DEBUG_VS2010x86\X64\StdLib\LibC\Stdio\Stdio\OUTPUT\rewind.obj
c:\vector-edk-master\Build\AppPkg\DEBUG_VS2010x86\X64\StdLib\LibC\Stdio\Stdio\OUTPUT\scanf.obj
c:\vector-edk-master\Build\AppPkg\DEBUG_VS2010x86\X64\StdLib\LibC\Stdio\Stdio\OUTPUT\setbuf.obj
c:\vector-edk-master\Build\AppPkg\DEBUG_VS2010x86\X64\StdLib\LibC\Stdio\Stdio\OUTPUT\setvbuf.obj
c:\vector-edk-master\Build\AppPkg\DEBUG_VS2010x86\X64\StdLib\LibC\Stdio\Stdio\OUTPUT\sprintf.obj
c:\vector-edk-master\Build\AppPkg\DEBUG_VS2010x86\X64\StdLib\LibC\Stdio\Stdio\OUTPUT\sscanf.obj
c:\vector-edk-master\Build\AppPkg\DEBUG_VS2010x86\X64\StdLib\LibC\Stdio\Stdio\OUTPUT\tempnam.obj
c:\vector-edk-master\Build\AppPkg\DEBUG_VS2010x86\X64\StdLib\LibC\Stdio\Stdio\OUTPUT\tmpfile.obj
c:\vector-edk-master\Build\AppPkg\DEBUG_VS2010x86\X64\StdLib\LibC\Stdio\Stdio\OUTPUT\tmpnam.obj
c:\vector-edk-master\Build\AppPkg\DEBUG_VS2010x86\X64\StdLib\LibC\Stdio\Stdio\OUTPUT\ungetc.obj
c:\vector-edk-master\Build\AppPkg\DEBUG_VS2010x86\X64\StdLib\LibC\Stdio\Stdio\OUTPUT\vfprintf.obj
c:\vector-edk-master\Build\AppPkg\DEBUG_VS2010x86\X64\StdLib\LibC\Stdio\Stdio\OUTPUT\vfwprintf.obj
c:\vector-edk-master\Build\AppPkg\DEBUG_VS2010x86\X64\StdLib\LibC\Stdio\Stdio\OUTPUT\vprintf.obj
c:\vector-edk-master\Build\AppPkg\DEBUG_VS2010x86\X64\StdLib\LibC\Stdio\Stdio\OUTPUT\vsprintf.obj
c:\vector-edk-master\Build\AppPkg\DEBUG_VS2010x86\X64\StdLib\LibC\Stdio\Stdio\OUTPUT\snprintf.obj
c:\vector-edk-master\Build\AppPkg\DEBUG_VS2010x86\X64\StdLib\LibC\Stdio\Stdio\OUTPUT\vsnprintf.obj
c:\vector-edk-master\Build\AppPkg\DEBUG_VS2010x86\X64\StdLib\LibC\Stdio\Stdio\OUTPUT\fparseln.obj
c:\vector-edk-master\Build\AppPkg\DEBUG_VS2010x86\X64\StdLib\LibC\Stdio\Stdio\OUTPUT\fgetwc.obj
c:\vector-edk-master\Build\AppPkg\DEBUG_VS2010x86\X64\StdLib\LibC\Stdio\Stdio\OUTPUT\fgetws.obj
c:\vector-edk-master\Build\AppPkg\DEBUG_VS2010x86\X64\StdLib\LibC\Stdio\Stdio\OUTPUT\fputwc.obj
c:\vector-edk-master\Build\AppPkg\DEBUG_VS2010x86\X64\StdLib\LibC\Stdio\Stdio\OUTPUT\fputws.obj
c:\vector-edk-master\Build\AppPkg\DEBUG_VS2010x86\X64\StdLib\LibC\Stdio\Stdio\OUTPUT\fwide.obj
c:\vector-edk-master\Build\AppPkg\DEBUG_VS2010x86\X64\StdLib\LibC\Stdio\Stdio\OUTPUT\fwprintf.obj
c:\vector-edk-master\Build\AppPkg\DEBUG_VS2010x86\X64\StdLib\LibC\Stdio\Stdio\OUTPUT\fwscanf.obj
c:\vector-edk-master\Build\AppPkg\DEBUG_VS2010x86\X64\StdLib\LibC\Stdio\Stdio\OUTPUT\getwc.obj
c:\vector-edk-master\Build\AppPkg\DEBUG_VS2010x86\X64\StdLib\LibC\Stdio\Stdio\OUTPUT\getwchar.obj
c:\vector-edk-master\Build\AppPkg\DEBUG_VS2010x86\X64\StdLib\LibC\Stdio\Stdio\OUTPUT\putwc.obj
c:\vector-edk-master\Build\AppPkg\DEBUG_VS2010x86\X64\StdLib\LibC\Stdio\Stdio\OUTPUT\putwchar.obj
c:\vector-edk-master\Build\AppPkg\DEBUG_VS2010x86\X64\StdLib\LibC\Stdio\Stdio\OUTPUT\swprintf.obj
c:\vector-edk-master\Build\AppPkg\DEBUG_VS2010x86\X64\StdLib\LibC\Stdio\Stdio\OUTPUT\swscanf.obj
c:\vector-edk-master\Build\AppPkg\DEBUG_VS2010x86\X64\StdLib\LibC\Stdio\Stdio\OUTPUT\ungetwc.obj
c:\vector-edk-master\Build\AppPkg\DEBUG_VS2010x86\X64\StdLib\LibC\Stdio\Stdio\OUTPUT\vfwscanf.obj
c:\vector-edk-master\Build\AppPkg\DEBUG_VS2010x86\X64\StdLib\LibC\Stdio\Stdio\OUTPUT\vswprintf.obj
c:\vector-edk-master\Build\AppPkg\DEBUG_VS2010x86\X64\StdLib\LibC\Stdio\Stdio\OUTPUT\vswscanf.obj
c:\vector-edk-master\Build\AppPkg\DEBUG_VS2010x86\X64\StdLib\LibC\Stdio\Stdio\OUTPUT\vwprintf.obj
c:\vector-edk-master\Build\AppPkg\DEBUG_VS2010x86\X64\StdLib\LibC\Stdio\Stdio\OUTPUT\vwscanf.obj
c:\vector-edk-master\Build\AppPkg\DEBUG_VS2010x86\X64\StdLib\LibC\Stdio\Stdio\OUTPUT\wprintf.obj
c:\vector-edk-master\Build\AppPkg\DEBUG_VS2010x86\X64\StdLib\LibC\Stdio\Stdio\OUTPUT\wscanf.obj
c:\vector-edk-master\Build\AppPkg\DEBUG_VS2010x86\X64\StdLib\LibC\Stdio\Stdio\OUTPUT\fgetstr.obj
c:\vector-edk-master\Build\AppPkg\DEBUG_VS2010x86\X64\StdLib\LibC\Stdio\Stdio\OUTPUT\findfp.obj
c:\vector-edk-master\Build\AppPkg\DEBUG_VS2010x86\X64\StdLib\LibC\Stdio\Stdio\OUTPUT\flags.obj
c:\vector-edk-master\Build\AppPkg\DEBUG_VS2010x86\X64\StdLib\LibC\Stdio\Stdio\OUTPUT\fseeko.obj
c:\vector-edk-master\Build\AppPkg\DEBUG_VS2010x86\X64\StdLib\LibC\Stdio\Stdio\OUTPUT\ftello.obj
c:\vector-edk-master\Build\AppPkg\DEBUG_VS2010x86\X64\StdLib\LibC\Stdio\Stdio\OUTPUT\fvwrite.obj
c:\vector-edk-master\Build\AppPkg\DEBUG_VS2010x86\X64\StdLib\LibC\Stdio\Stdio\OUTPUT\fwalk.obj
c:\vector-edk-master\Build\AppPkg\DEBUG_VS2010x86\X64\StdLib\LibC\Stdio\Stdio\OUTPUT\gettemp.obj
c:\vector-edk-master\Build\AppPkg\DEBUG_VS2010x86\X64\StdLib\LibC\Stdio\Stdio\OUTPUT\makebuf.obj
c:\vector-edk-master\Build\AppPkg\DEBUG_VS2010x86\X64\StdLib\LibC\Stdio\Stdio\OUTPUT\mkstemp.obj
c:\vector-edk-master\Build\AppPkg\DEBUG_VS2010x86\X64\StdLib\LibC\Stdio\Stdio\OUTPUT\mktemp.obj
c:\vector-edk-master\Build\AppPkg\DEBUG_VS2010x86\X64\StdLib\LibC\Stdio\Stdio\OUTPUT\refill.obj
c:\vector-edk-master\Build\AppPkg\DEBUG_VS2010x86\X64\StdLib\LibC\Stdio\Stdio\OUTPUT\rget.obj
c:\vector-edk-master\Build\AppPkg\DEBUG_VS2010x86\X64\StdLib\LibC\Stdio\Stdio\OUTPUT\stdio.obj
c:\vector-edk-master\Build\AppPkg\DEBUG_VS2010x86\X64\StdLib\LibC\Stdio\Stdio\OUTPUT\vfscanf.obj
c:\vector-edk-master\Build\AppPkg\DEBUG_VS2010x86\X64\StdLib\LibC\Stdio\Stdio\OUTPUT\wbuf.obj
c:\vector-edk-master\Build\AppPkg\DEBUG_VS2010x86\X64\StdLib\LibC\Stdio\Stdio\OUTPUT\wsetup.obj