c:\vector-edk-master\Build\AppPkg\DEBUG_VS2010x86\X64\StdLib\LibC\Locale\Locale\OUTPUT\__mb_cur_max.obj
c:\vector-edk-master\Build\AppPkg\DEBUG_VS2010x86\X64\StdLib\LibC\Locale\Locale\OUTPUT\_def_messages.obj
c:\vector-edk-master\Build\AppPkg\DEBUG_VS2010x86\X64\StdLib\LibC\Locale\Locale\OUTPUT\_def_monetary.obj
c:\vector-edk-master\Build\AppPkg\DEBUG_VS2010x86\X64\StdLib\LibC\Locale\Locale\OUTPUT\_def_numeric.obj
c:\vector-edk-master\Build\AppPkg\DEBUG_VS2010x86\X64\StdLib\LibC\Locale\Locale\OUTPUT\_def_time.obj
c:\vector-edk-master\Build\AppPkg\DEBUG_VS2010x86\X64\StdLib\LibC\Locale\Locale\OUTPUT\aliasname.obj
c:\vector-edk-master\Build\AppPkg\DEBUG_VS2010x86\X64\StdLib\LibC\Locale\Locale\OUTPUT\ctypeio.obj
c:\vector-edk-master\Build\AppPkg\DEBUG_VS2010x86\X64\StdLib\LibC\Locale\Locale\OUTPUT\localeconv.obj
c:\vector-edk-master\Build\AppPkg\DEBUG_VS2010x86\X64\StdLib\LibC\Locale\Locale\OUTPUT\nl_langinfo.obj
c:\vector-edk-master\Build\AppPkg\DEBUG_VS2010x86\X64\StdLib\LibC\Locale\Locale\OUTPUT\setlocale1.obj
c:\vector-edk-master\Build\AppPkg\DEBUG_VS2010x86\X64\StdLib\LibC\Locale\Locale\OUTPUT\setlocale32.obj
c:\vector-edk-master\Build\AppPkg\DEBUG_VS2010x86\X64\StdLib\LibC\Locale\Locale\OUTPUT\setlocale.obj
c:\vector-edk-master\Build\AppPkg\DEBUG_VS2010x86\X64\StdLib\LibC\Locale\Locale\OUTPUT\wcscoll.obj
c:\vector-edk-master\Build\AppPkg\DEBUG_VS2010x86\X64\StdLib\LibC\Locale\Locale\OUTPUT\wcsftime.obj
c:\vector-edk-master\Build\AppPkg\DEBUG_VS2010x86\X64\StdLib\LibC\Locale\Locale\OUTPUT\wcstoimax.obj
c:\vector-edk-master\Build\AppPkg\DEBUG_VS2010x86\X64\StdLib\LibC\Locale\Locale\OUTPUT\wcstol.obj
c:\vector-edk-master\Build\AppPkg\DEBUG_VS2010x86\X64\StdLib\LibC\Locale\Locale\OUTPUT\wcstoll.obj
c:\vector-edk-master\Build\AppPkg\DEBUG_VS2010x86\X64\StdLib\LibC\Locale\Locale\OUTPUT\wcstoul.obj
c:\vector-edk-master\Build\AppPkg\DEBUG_VS2010x86\X64\StdLib\LibC\Locale\Locale\OUTPUT\wcstoull.obj
c:\vector-edk-master\Build\AppPkg\DEBUG_VS2010x86\X64\StdLib\LibC\Locale\Locale\OUTPUT\wcstoumax.obj
c:\vector-edk-master\Build\AppPkg\DEBUG_VS2010x86\X64\StdLib\LibC\Locale\Locale\OUTPUT\wcstod.obj
c:\vector-edk-master\Build\AppPkg\DEBUG_VS2010x86\X64\StdLib\LibC\Locale\Locale\OUTPUT\wcstof.obj
c:\vector-edk-master\Build\AppPkg\DEBUG_VS2010x86\X64\StdLib\LibC\Locale\Locale\OUTPUT\wcstold.obj
c:\vector-edk-master\Build\AppPkg\DEBUG_VS2010x86\X64\StdLib\LibC\Locale\Locale\OUTPUT\wcsxfrm.obj
c:\vector-edk-master\Build\AppPkg\DEBUG_VS2010x86\X64\StdLib\LibC\Locale\Locale\OUTPUT\multibyte_Utf8.obj
c:\vector-edk-master\Build\AppPkg\DEBUG_VS2010x86\X64\StdLib\LibC\Locale\Locale\OUTPUT\iswctype_sb.obj