c:\vector-edk-master\Build\AppPkg\DEBUG_VS2010x86\X64\StdLib\LibC\Math\Math\OUTPUT\e_acos.obj
c:\vector-edk-master\Build\AppPkg\DEBUG_VS2010x86\X64\StdLib\LibC\Math\Math\OUTPUT\e_asin.obj
c:\vector-edk-master\Build\AppPkg\DEBUG_VS2010x86\X64\StdLib\LibC\Math\Math\OUTPUT\e_atan2.obj
c:\vector-edk-master\Build\AppPkg\DEBUG_VS2010x86\X64\StdLib\LibC\Math\Math\OUTPUT\e_cosh.obj
c:\vector-edk-master\Build\AppPkg\DEBUG_VS2010x86\X64\StdLib\LibC\Math\Math\OUTPUT\e_exp.obj
c:\vector-edk-master\Build\AppPkg\DEBUG_VS2010x86\X64\StdLib\LibC\Math\Math\OUTPUT\e_sinh.obj
c:\vector-edk-master\Build\AppPkg\DEBUG_VS2010x86\X64\StdLib\LibC\Math\Math\OUTPUT\e_log.obj
c:\vector-edk-master\Build\AppPkg\DEBUG_VS2010x86\X64\StdLib\LibC\Math\Math\OUTPUT\e_log2.obj
c:\vector-edk-master\Build\AppPkg\DEBUG_VS2010x86\X64\StdLib\LibC\Math\Math\OUTPUT\e_log10.obj
c:\vector-edk-master\Build\AppPkg\DEBUG_VS2010x86\X64\StdLib\LibC\Math\Math\OUTPUT\e_pow.obj
c:\vector-edk-master\Build\AppPkg\DEBUG_VS2010x86\X64\StdLib\LibC\Math\Math\OUTPUT\e_sqrt.obj
c:\vector-edk-master\Build\AppPkg\DEBUG_VS2010x86\X64\StdLib\LibC\Math\Math\OUTPUT\e_fmod.obj
c:\vector-edk-master\Build\AppPkg\DEBUG_VS2010x86\X64\StdLib\LibC\Math\Math\OUTPUT\e_rem_pio2.obj
c:\vector-edk-master\Build\AppPkg\DEBUG_VS2010x86\X64\StdLib\LibC\Math\Math\OUTPUT\k_cos.obj
c:\vector-edk-master\Build\AppPkg\DEBUG_VS2010x86\X64\StdLib\LibC\Math\Math\OUTPUT\k_sin.obj
c:\vector-edk-master\Build\AppPkg\DEBUG_VS2010x86\X64\StdLib\LibC\Math\Math\OUTPUT\k_tan.obj
c:\vector-edk-master\Build\AppPkg\DEBUG_VS2010x86\X64\StdLib\LibC\Math\Math\OUTPUT\k_rem_pio2.obj
c:\vector-edk-master\Build\AppPkg\DEBUG_VS2010x86\X64\StdLib\LibC\Math\Math\OUTPUT\s_atan.obj
c:\vector-edk-master\Build\AppPkg\DEBUG_VS2010x86\X64\StdLib\LibC\Math\Math\OUTPUT\s_cos.obj
c:\vector-edk-master\Build\AppPkg\DEBUG_VS2010x86\X64\StdLib\LibC\Math\Math\OUTPUT\s_sin.obj
c:\vector-edk-master\Build\AppPkg\DEBUG_VS2010x86\X64\StdLib\LibC\Math\Math\OUTPUT\s_tan.obj
c:\vector-edk-master\Build\AppPkg\DEBUG_VS2010x86\X64\StdLib\LibC\Math\Math\OUTPUT\s_expm1.obj
c:\vector-edk-master\Build\AppPkg\DEBUG_VS2010x86\X64\StdLib\LibC\Math\Math\OUTPUT\s_tanh.obj
c:\vector-edk-master\Build\AppPkg\DEBUG_VS2010x86\X64\StdLib\LibC\Math\Math\OUTPUT\s_frexp.obj
c:\vector-edk-master\Build\AppPkg\DEBUG_VS2010x86\X64\StdLib\LibC\Math\Math\OUTPUT\s_ldexp.obj
c:\vector-edk-master\Build\AppPkg\DEBUG_VS2010x86\X64\StdLib\LibC\Math\Math\OUTPUT\s_scalbn.obj
c:\vector-edk-master\Build\AppPkg\DEBUG_VS2010x86\X64\StdLib\LibC\Math\Math\OUTPUT\s_copysign.obj
c:\vector-edk-master\Build\AppPkg\DEBUG_VS2010x86\X64\StdLib\LibC\Math\Math\OUTPUT\s_finite.obj
c:\vector-edk-master\Build\AppPkg\DEBUG_VS2010x86\X64\StdLib\LibC\Math\Math\OUTPUT\s_infinity.obj
c:\vector-edk-master\Build\AppPkg\DEBUG_VS2010x86\X64\StdLib\LibC\Math\Math\OUTPUT\s_modf.obj
c:\vector-edk-master\Build\AppPkg\DEBUG_VS2010x86\X64\StdLib\LibC\Math\Math\OUTPUT\s_fabs.obj
c:\vector-edk-master\Build\AppPkg\DEBUG_VS2010x86\X64\StdLib\LibC\Math\Math\OUTPUT\s_ceil.obj
c:\vector-edk-master\Build\AppPkg\DEBUG_VS2010x86\X64\StdLib\LibC\Math\Math\OUTPUT\s_floor.obj
c:\vector-edk-master\Build\AppPkg\DEBUG_VS2010x86\X64\StdLib\LibC\Math\Math\OUTPUT\w_acos.obj
c:\vector-edk-master\Build\AppPkg\DEBUG_VS2010x86\X64\StdLib\LibC\Math\Math\OUTPUT\w_asin.obj
c:\vector-edk-master\Build\AppPkg\DEBUG_VS2010x86\X64\StdLib\LibC\Math\Math\OUTPUT\w_atan2.obj
c:\vector-edk-master\Build\AppPkg\DEBUG_VS2010x86\X64\StdLib\LibC\Math\Math\OUTPUT\w_cosh.obj
c:\vector-edk-master\Build\AppPkg\DEBUG_VS2010x86\X64\StdLib\LibC\Math\Math\OUTPUT\w_sinh.obj
c:\vector-edk-master\Build\AppPkg\DEBUG_VS2010x86\X64\StdLib\LibC\Math\Math\OUTPUT\w_exp.obj
c:\vector-edk-master\Build\AppPkg\DEBUG_VS2010x86\X64\StdLib\LibC\Math\Math\OUTPUT\w_log.obj
c:\vector-edk-master\Build\AppPkg\DEBUG_VS2010x86\X64\StdLib\LibC\Math\Math\OUTPUT\w_log2.obj
c:\vector-edk-master\Build\AppPkg\DEBUG_VS2010x86\X64\StdLib\LibC\Math\Math\OUTPUT\w_log10.obj
c:\vector-edk-master\Build\AppPkg\DEBUG_VS2010x86\X64\StdLib\LibC\Math\Math\OUTPUT\w_pow.obj
c:\vector-edk-master\Build\AppPkg\DEBUG_VS2010x86\X64\StdLib\LibC\Math\Math\OUTPUT\w_sqrt.obj
c:\vector-edk-master\Build\AppPkg\DEBUG_VS2010x86\X64\StdLib\LibC\Math\Math\OUTPUT\w_fmod.obj