c:\vector-edk-master\Build\AppPkg\DEBUG_VS2010x86\X64\MdePkg\Library\BaseLib\BaseLib\OUTPUT\CheckSum.obj
c:\vector-edk-master\Build\AppPkg\DEBUG_VS2010x86\X64\MdePkg\Library\BaseLib\BaseLib\OUTPUT\SwitchStack.obj
c:\vector-edk-master\Build\AppPkg\DEBUG_VS2010x86\X64\MdePkg\Library\BaseLib\BaseLib\OUTPUT\SwapBytes64.obj
c:\vector-edk-master\Build\AppPkg\DEBUG_VS2010x86\X64\MdePkg\Library\BaseLib\BaseLib\OUTPUT\SwapBytes32.obj
c:\vector-edk-master\Build\AppPkg\DEBUG_VS2010x86\X64\MdePkg\Library\BaseLib\BaseLib\OUTPUT\SwapBytes16.obj
c:\vector-edk-master\Build\AppPkg\DEBUG_VS2010x86\X64\MdePkg\Library\BaseLib\BaseLib\OUTPUT\LongJump.obj
c:\vector-edk-master\Build\AppPkg\DEBUG_VS2010x86\X64\MdePkg\Library\BaseLib\BaseLib\OUTPUT\SetJump.obj
c:\vector-edk-master\Build\AppPkg\DEBUG_VS2010x86\X64\MdePkg\Library\BaseLib\BaseLib\OUTPUT\RShiftU64.obj
c:\vector-edk-master\Build\AppPkg\DEBUG_VS2010x86\X64\MdePkg\Library\BaseLib\BaseLib\OUTPUT\RRotU64.obj
c:\vector-edk-master\Build\AppPkg\DEBUG_VS2010x86\X64\MdePkg\Library\BaseLib\BaseLib\OUTPUT\RRotU32.obj
c:\vector-edk-master\Build\AppPkg\DEBUG_VS2010x86\X64\MdePkg\Library\BaseLib\BaseLib\OUTPUT\MultU64x64.obj
c:\vector-edk-master\Build\AppPkg\DEBUG_VS2010x86\X64\MdePkg\Library\BaseLib\BaseLib\OUTPUT\MultU64x32.obj
c:\vector-edk-master\Build\AppPkg\DEBUG_VS2010x86\X64\MdePkg\Library\BaseLib\BaseLib\OUTPUT\MultS64x64.obj
c:\vector-edk-master\Build\AppPkg\DEBUG_VS2010x86\X64\MdePkg\Library\BaseLib\BaseLib\OUTPUT\ModU64x32.obj
c:\vector-edk-master\Build\AppPkg\DEBUG_VS2010x86\X64\MdePkg\Library\BaseLib\BaseLib\OUTPUT\LShiftU64.obj
c:\vector-edk-master\Build\AppPkg\DEBUG_VS2010x86\X64\MdePkg\Library\BaseLib\BaseLib\OUTPUT\LRotU64.obj
c:\vector-edk-master\Build\AppPkg\DEBUG_VS2010x86\X64\MdePkg\Library\BaseLib\BaseLib\OUTPUT\LRotU32.obj
c:\vector-edk-master\Build\AppPkg\DEBUG_VS2010x86\X64\MdePkg\Library\BaseLib\BaseLib\OUTPUT\LowBitSet64.obj
c:\vector-edk-master\Build\AppPkg\DEBUG_VS2010x86\X64\MdePkg\Library\BaseLib\BaseLib\OUTPUT\LowBitSet32.obj
c:\vector-edk-master\Build\AppPkg\DEBUG_VS2010x86\X64\MdePkg\Library\BaseLib\BaseLib\OUTPUT\HighBitSet64.obj
c:\vector-edk-master\Build\AppPkg\DEBUG_VS2010x86\X64\MdePkg\Library\BaseLib\BaseLib\OUTPUT\HighBitSet32.obj
c:\vector-edk-master\Build\AppPkg\DEBUG_VS2010x86\X64\MdePkg\Library\BaseLib\BaseLib\OUTPUT\GetPowerOfTwo64.obj
c:\vector-edk-master\Build\AppPkg\DEBUG_VS2010x86\X64\MdePkg\Library\BaseLib\BaseLib\OUTPUT\GetPowerOfTwo32.obj
c:\vector-edk-master\Build\AppPkg\DEBUG_VS2010x86\X64\MdePkg\Library\BaseLib\BaseLib\OUTPUT\DivU64x64Remainder.obj
c:\vector-edk-master\Build\AppPkg\DEBUG_VS2010x86\X64\MdePkg\Library\BaseLib\BaseLib\OUTPUT\DivU64x32Remainder.obj
c:\vector-edk-master\Build\AppPkg\DEBUG_VS2010x86\X64\MdePkg\Library\BaseLib\BaseLib\OUTPUT\DivU64x32.obj
c:\vector-edk-master\Build\AppPkg\DEBUG_VS2010x86\X64\MdePkg\Library\BaseLib\BaseLib\OUTPUT\DivS64x64Remainder.obj
c:\vector-edk-master\Build\AppPkg\DEBUG_VS2010x86\X64\MdePkg\Library\BaseLib\BaseLib\OUTPUT\ARShiftU64.obj
c:\vector-edk-master\Build\AppPkg\DEBUG_VS2010x86\X64\MdePkg\Library\BaseLib\BaseLib\OUTPUT\BitField.obj
c:\vector-edk-master\Build\AppPkg\DEBUG_VS2010x86\X64\MdePkg\Library\BaseLib\BaseLib\OUTPUT\CpuDeadLoop.obj
c:\vector-edk-master\Build\AppPkg\DEBUG_VS2010x86\X64\MdePkg\Library\BaseLib\BaseLib\OUTPUT\Cpu.obj
c:\vector-edk-master\Build\AppPkg\DEBUG_VS2010x86\X64\MdePkg\Library\BaseLib\BaseLib\OUTPUT\LinkedList.obj
c:\vector-edk-master\Build\AppPkg\DEBUG_VS2010x86\X64\MdePkg\Library\BaseLib\BaseLib\OUTPUT\String.obj
c:\vector-edk-master\Build\AppPkg\DEBUG_VS2010x86\X64\MdePkg\Library\BaseLib\BaseLib\OUTPUT\X64\Thunk16.obj
c:\vector-edk-master\Build\AppPkg\DEBUG_VS2010x86\X64\MdePkg\Library\BaseLib\BaseLib\OUTPUT\X64\CpuPause.obj
c:\vector-edk-master\Build\AppPkg\DEBUG_VS2010x86\X64\MdePkg\Library\BaseLib\BaseLib\OUTPUT\X64\EnableDisableInterrupts.obj
c:\vector-edk-master\Build\AppPkg\DEBUG_VS2010x86\X64\MdePkg\Library\BaseLib\BaseLib\OUTPUT\X64\DisableInterrupts.obj
c:\vector-edk-master\Build\AppPkg\DEBUG_VS2010x86\X64\MdePkg\Library\BaseLib\BaseLib\OUTPUT\X64\EnableInterrupts.obj
c:\vector-edk-master\Build\AppPkg\DEBUG_VS2010x86\X64\MdePkg\Library\BaseLib\BaseLib\OUTPUT\X64\FlushCacheLine.obj
c:\vector-edk-master\Build\AppPkg\DEBUG_VS2010x86\X64\MdePkg\Library\BaseLib\BaseLib\OUTPUT\X64\Invd.obj
c:\vector-edk-master\Build\AppPkg\DEBUG_VS2010x86\X64\MdePkg\Library\BaseLib\BaseLib\OUTPUT\X64\Wbinvd.obj
c:\vector-edk-master\Build\AppPkg\DEBUG_VS2010x86\X64\MdePkg\Library\BaseLib\BaseLib\OUTPUT\X64\DisablePaging64.obj
c:\vector-edk-master\Build\AppPkg\DEBUG_VS2010x86\X64\MdePkg\Library\BaseLib\BaseLib\OUTPUT\X64\Mwait.obj
c:\vector-edk-master\Build\AppPkg\DEBUG_VS2010x86\X64\MdePkg\Library\BaseLib\BaseLib\OUTPUT\X64\Monitor.obj
c:\vector-edk-master\Build\AppPkg\DEBUG_VS2010x86\X64\MdePkg\Library\BaseLib\BaseLib\OUTPUT\X64\ReadPmc.obj
c:\vector-edk-master\Build\AppPkg\DEBUG_VS2010x86\X64\MdePkg\Library\BaseLib\BaseLib\OUTPUT\X64\ReadTsc.obj
c:\vector-edk-master\Build\AppPkg\DEBUG_VS2010x86\X64\MdePkg\Library\BaseLib\BaseLib\OUTPUT\X64\WriteMm7.obj
c:\vector-edk-master\Build\AppPkg\DEBUG_VS2010x86\X64\MdePkg\Library\BaseLib\BaseLib\OUTPUT\X64\WriteMm6.obj
c:\vector-edk-master\Build\AppPkg\DEBUG_VS2010x86\X64\MdePkg\Library\BaseLib\BaseLib\OUTPUT\X64\WriteMm5.obj
c:\vector-edk-master\Build\AppPkg\DEBUG_VS2010x86\X64\MdePkg\Library\BaseLib\BaseLib\OUTPUT\X64\WriteMm4.obj
c:\vector-edk-master\Build\AppPkg\DEBUG_VS2010x86\X64\MdePkg\Library\BaseLib\BaseLib\OUTPUT\X64\WriteMm3.obj
c:\vector-edk-master\Build\AppPkg\DEBUG_VS2010x86\X64\MdePkg\Library\BaseLib\BaseLib\OUTPUT\X64\WriteMm2.obj
c:\vector-edk-master\Build\AppPkg\DEBUG_VS2010x86\X64\MdePkg\Library\BaseLib\BaseLib\OUTPUT\X64\WriteMm1.obj
c:\vector-edk-master\Build\AppPkg\DEBUG_VS2010x86\X64\MdePkg\Library\BaseLib\BaseLib\OUTPUT\X64\WriteMm0.obj
c:\vector-edk-master\Build\AppPkg\DEBUG_VS2010x86\X64\MdePkg\Library\BaseLib\BaseLib\OUTPUT\X64\ReadMm7.obj
c:\vector-edk-master\Build\AppPkg\DEBUG_VS2010x86\X64\MdePkg\Library\BaseLib\BaseLib\OUTPUT\X64\ReadMm6.obj
c:\vector-edk-master\Build\AppPkg\DEBUG_VS2010x86\X64\MdePkg\Library\BaseLib\BaseLib\OUTPUT\X64\ReadMm5.obj
c:\vector-edk-master\Build\AppPkg\DEBUG_VS2010x86\X64\MdePkg\Library\BaseLib\BaseLib\OUTPUT\X64\ReadMm4.obj
c:\vector-edk-master\Build\AppPkg\DEBUG_VS2010x86\X64\MdePkg\Library\BaseLib\BaseLib\OUTPUT\X64\ReadMm3.obj
c:\vector-edk-master\Build\AppPkg\DEBUG_VS2010x86\X64\MdePkg\Library\BaseLib\BaseLib\OUTPUT\X64\ReadMm2.obj
c:\vector-edk-master\Build\AppPkg\DEBUG_VS2010x86\X64\MdePkg\Library\BaseLib\BaseLib\OUTPUT\X64\ReadMm1.obj
c:\vector-edk-master\Build\AppPkg\DEBUG_VS2010x86\X64\MdePkg\Library\BaseLib\BaseLib\OUTPUT\X64\ReadMm0.obj
c:\vector-edk-master\Build\AppPkg\DEBUG_VS2010x86\X64\MdePkg\Library\BaseLib\BaseLib\OUTPUT\X64\FxRestore.obj
c:\vector-edk-master\Build\AppPkg\DEBUG_VS2010x86\X64\MdePkg\Library\BaseLib\BaseLib\OUTPUT\X64\FxSave.obj
c:\vector-edk-master\Build\AppPkg\DEBUG_VS2010x86\X64\MdePkg\Library\BaseLib\BaseLib\OUTPUT\X64\WriteLdtr.obj
c:\vector-edk-master\Build\AppPkg\DEBUG_VS2010x86\X64\MdePkg\Library\BaseLib\BaseLib\OUTPUT\X64\ReadLdtr.obj
c:\vector-edk-master\Build\AppPkg\DEBUG_VS2010x86\X64\MdePkg\Library\BaseLib\BaseLib\OUTPUT\X64\WriteIdtr.obj
c:\vector-edk-master\Build\AppPkg\DEBUG_VS2010x86\X64\MdePkg\Library\BaseLib\BaseLib\OUTPUT\X64\ReadIdtr.obj
c:\vector-edk-master\Build\AppPkg\DEBUG_VS2010x86\X64\MdePkg\Library\BaseLib\BaseLib\OUTPUT\X64\WriteGdtr.obj
c:\vector-edk-master\Build\AppPkg\DEBUG_VS2010x86\X64\MdePkg\Library\BaseLib\BaseLib\OUTPUT\X64\ReadGdtr.obj
c:\vector-edk-master\Build\AppPkg\DEBUG_VS2010x86\X64\MdePkg\Library\BaseLib\BaseLib\OUTPUT\X64\ReadTr.obj
c:\vector-edk-master\Build\AppPkg\DEBUG_VS2010x86\X64\MdePkg\Library\BaseLib\BaseLib\OUTPUT\X64\ReadSs.obj
c:\vector-edk-master\Build\AppPkg\DEBUG_VS2010x86\X64\MdePkg\Library\BaseLib\BaseLib\OUTPUT\X64\ReadGs.obj
c:\vector-edk-master\Build\AppPkg\DEBUG_VS2010x86\X64\MdePkg\Library\BaseLib\BaseLib\OUTPUT\X64\ReadFs.obj
c:\vector-edk-master\Build\AppPkg\DEBUG_VS2010x86\X64\MdePkg\Library\BaseLib\BaseLib\OUTPUT\X64\ReadEs.obj
c:\vector-edk-master\Build\AppPkg\DEBUG_VS2010x86\X64\MdePkg\Library\BaseLib\BaseLib\OUTPUT\X64\ReadDs.obj
c:\vector-edk-master\Build\AppPkg\DEBUG_VS2010x86\X64\MdePkg\Library\BaseLib\BaseLib\OUTPUT\X64\ReadCs.obj
c:\vector-edk-master\Build\AppPkg\DEBUG_VS2010x86\X64\MdePkg\Library\BaseLib\BaseLib\OUTPUT\X64\WriteDr7.obj
c:\vector-edk-master\Build\AppPkg\DEBUG_VS2010x86\X64\MdePkg\Library\BaseLib\BaseLib\OUTPUT\X64\WriteDr6.obj
c:\vector-edk-master\Build\AppPkg\DEBUG_VS2010x86\X64\MdePkg\Library\BaseLib\BaseLib\OUTPUT\X64\WriteDr5.obj
c:\vector-edk-master\Build\AppPkg\DEBUG_VS2010x86\X64\MdePkg\Library\BaseLib\BaseLib\OUTPUT\X64\WriteDr4.obj
c:\vector-edk-master\Build\AppPkg\DEBUG_VS2010x86\X64\MdePkg\Library\BaseLib\BaseLib\OUTPUT\X64\WriteDr3.obj
c:\vector-edk-master\Build\AppPkg\DEBUG_VS2010x86\X64\MdePkg\Library\BaseLib\BaseLib\OUTPUT\X64\WriteDr2.obj
c:\vector-edk-master\Build\AppPkg\DEBUG_VS2010x86\X64\MdePkg\Library\BaseLib\BaseLib\OUTPUT\X64\WriteDr1.obj
c:\vector-edk-master\Build\AppPkg\DEBUG_VS2010x86\X64\MdePkg\Library\BaseLib\BaseLib\OUTPUT\X64\WriteDr0.obj
c:\vector-edk-master\Build\AppPkg\DEBUG_VS2010x86\X64\MdePkg\Library\BaseLib\BaseLib\OUTPUT\X64\ReadDr7.obj
c:\vector-edk-master\Build\AppPkg\DEBUG_VS2010x86\X64\MdePkg\Library\BaseLib\BaseLib\OUTPUT\X64\ReadDr6.obj
c:\vector-edk-master\Build\AppPkg\DEBUG_VS2010x86\X64\MdePkg\Library\BaseLib\BaseLib\OUTPUT\X64\ReadDr5.obj
c:\vector-edk-master\Build\AppPkg\DEBUG_VS2010x86\X64\MdePkg\Library\BaseLib\BaseLib\OUTPUT\X64\ReadDr4.obj
c:\vector-edk-master\Build\AppPkg\DEBUG_VS2010x86\X64\MdePkg\Library\BaseLib\BaseLib\OUTPUT\X64\ReadDr3.obj
c:\vector-edk-master\Build\AppPkg\DEBUG_VS2010x86\X64\MdePkg\Library\BaseLib\BaseLib\OUTPUT\X64\ReadDr2.obj
c:\vector-edk-master\Build\AppPkg\DEBUG_VS2010x86\X64\MdePkg\Library\BaseLib\BaseLib\OUTPUT\X64\ReadDr1.obj
c:\vector-edk-master\Build\AppPkg\DEBUG_VS2010x86\X64\MdePkg\Library\BaseLib\BaseLib\OUTPUT\X64\ReadDr0.obj
c:\vector-edk-master\Build\AppPkg\DEBUG_VS2010x86\X64\MdePkg\Library\BaseLib\BaseLib\OUTPUT\X64\WriteCr4.obj
c:\vector-edk-master\Build\AppPkg\DEBUG_VS2010x86\X64\MdePkg\Library\BaseLib\BaseLib\OUTPUT\X64\WriteCr3.obj
c:\vector-edk-master\Build\AppPkg\DEBUG_VS2010x86\X64\MdePkg\Library\BaseLib\BaseLib\OUTPUT\X64\WriteCr2.obj
c:\vector-edk-master\Build\AppPkg\DEBUG_VS2010x86\X64\MdePkg\Library\BaseLib\BaseLib\OUTPUT\X64\WriteCr0.obj
c:\vector-edk-master\Build\AppPkg\DEBUG_VS2010x86\X64\MdePkg\Library\BaseLib\BaseLib\OUTPUT\X64\ReadCr4.obj
c:\vector-edk-master\Build\AppPkg\DEBUG_VS2010x86\X64\MdePkg\Library\BaseLib\BaseLib\OUTPUT\X64\ReadCr3.obj
c:\vector-edk-master\Build\AppPkg\DEBUG_VS2010x86\X64\MdePkg\Library\BaseLib\BaseLib\OUTPUT\X64\ReadCr2.obj
c:\vector-edk-master\Build\AppPkg\DEBUG_VS2010x86\X64\MdePkg\Library\BaseLib\BaseLib\OUTPUT\X64\ReadCr0.obj
c:\vector-edk-master\Build\AppPkg\DEBUG_VS2010x86\X64\MdePkg\Library\BaseLib\BaseLib\OUTPUT\X64\ReadEflags.obj
c:\vector-edk-master\Build\AppPkg\DEBUG_VS2010x86\X64\MdePkg\Library\BaseLib\BaseLib\OUTPUT\X64\CpuIdEx.obj
c:\vector-edk-master\Build\AppPkg\DEBUG_VS2010x86\X64\MdePkg\Library\BaseLib\BaseLib\OUTPUT\X64\CpuId.obj
c:\vector-edk-master\Build\AppPkg\DEBUG_VS2010x86\X64\MdePkg\Library\BaseLib\BaseLib\OUTPUT\X64\LongJump.obj
c:\vector-edk-master\Build\AppPkg\DEBUG_VS2010x86\X64\MdePkg\Library\BaseLib\BaseLib\OUTPUT\X64\SetJump.obj
c:\vector-edk-master\Build\AppPkg\DEBUG_VS2010x86\X64\MdePkg\Library\BaseLib\BaseLib\OUTPUT\X64\SwitchStack.obj
c:\vector-edk-master\Build\AppPkg\DEBUG_VS2010x86\X64\MdePkg\Library\BaseLib\BaseLib\OUTPUT\X64\EnableCache.obj
c:\vector-edk-master\Build\AppPkg\DEBUG_VS2010x86\X64\MdePkg\Library\BaseLib\BaseLib\OUTPUT\X64\DisableCache.obj
c:\vector-edk-master\Build\AppPkg\DEBUG_VS2010x86\X64\MdePkg\Library\BaseLib\BaseLib\OUTPUT\X64\CpuBreakpoint.obj
c:\vector-edk-master\Build\AppPkg\DEBUG_VS2010x86\X64\MdePkg\Library\BaseLib\BaseLib\OUTPUT\X64\WriteMsr64.obj
c:\vector-edk-master\Build\AppPkg\DEBUG_VS2010x86\X64\MdePkg\Library\BaseLib\BaseLib\OUTPUT\X64\ReadMsr64.obj
c:\vector-edk-master\Build\AppPkg\DEBUG_VS2010x86\X64\MdePkg\Library\BaseLib\BaseLib\OUTPUT\X64\Non-existing.obj
c:\vector-edk-master\Build\AppPkg\DEBUG_VS2010x86\X64\MdePkg\Library\BaseLib\BaseLib\OUTPUT\Math64.obj
c:\vector-edk-master\Build\AppPkg\DEBUG_VS2010x86\X64\MdePkg\Library\BaseLib\BaseLib\OUTPUT\Unaligned.obj
c:\vector-edk-master\Build\AppPkg\DEBUG_VS2010x86\X64\MdePkg\Library\BaseLib\BaseLib\OUTPUT\X86WriteIdtr.obj
c:\vector-edk-master\Build\AppPkg\DEBUG_VS2010x86\X64\MdePkg\Library\BaseLib\BaseLib\OUTPUT\X86WriteGdtr.obj
c:\vector-edk-master\Build\AppPkg\DEBUG_VS2010x86\X64\MdePkg\Library\BaseLib\BaseLib\OUTPUT\X86Thunk.obj
c:\vector-edk-master\Build\AppPkg\DEBUG_VS2010x86\X64\MdePkg\Library\BaseLib\BaseLib\OUTPUT\X86ReadIdtr.obj
c:\vector-edk-master\Build\AppPkg\DEBUG_VS2010x86\X64\MdePkg\Library\BaseLib\BaseLib\OUTPUT\X86ReadGdtr.obj
c:\vector-edk-master\Build\AppPkg\DEBUG_VS2010x86\X64\MdePkg\Library\BaseLib\BaseLib\OUTPUT\X86Msr.obj
c:\vector-edk-master\Build\AppPkg\DEBUG_VS2010x86\X64\MdePkg\Library\BaseLib\BaseLib\OUTPUT\X86MemoryFence.obj
c:\vector-edk-master\Build\AppPkg\DEBUG_VS2010x86\X64\MdePkg\Library\BaseLib\BaseLib\OUTPUT\X86GetInterruptState.obj
c:\vector-edk-master\Build\AppPkg\DEBUG_VS2010x86\X64\MdePkg\Library\BaseLib\BaseLib\OUTPUT\X86FxSave.obj
c:\vector-edk-master\Build\AppPkg\DEBUG_VS2010x86\X64\MdePkg\Library\BaseLib\BaseLib\OUTPUT\X86FxRestore.obj
c:\vector-edk-master\Build\AppPkg\DEBUG_VS2010x86\X64\MdePkg\Library\BaseLib\BaseLib\OUTPUT\X86EnablePaging64.obj
c:\vector-edk-master\Build\AppPkg\DEBUG_VS2010x86\X64\MdePkg\Library\BaseLib\BaseLib\OUTPUT\X86EnablePaging32.obj
c:\vector-edk-master\Build\AppPkg\DEBUG_VS2010x86\X64\MdePkg\Library\BaseLib\BaseLib\OUTPUT\X86DisablePaging64.obj
c:\vector-edk-master\Build\AppPkg\DEBUG_VS2010x86\X64\MdePkg\Library\BaseLib\BaseLib\OUTPUT\X86DisablePaging32.obj