c:\vector-edk-master\Build\AppPkg\DEBUG_VS2010x86\X64\StdLib\BsdSocketLib\BsdSocketLib\OUTPUT\accept.obj
c:\vector-edk-master\Build\AppPkg\DEBUG_VS2010x86\X64\StdLib\BsdSocketLib\BsdSocketLib\OUTPUT\base64.obj
c:\vector-edk-master\Build\AppPkg\DEBUG_VS2010x86\X64\StdLib\BsdSocketLib\BsdSocketLib\OUTPUT\bind.obj
c:\vector-edk-master\Build\AppPkg\DEBUG_VS2010x86\X64\StdLib\BsdSocketLib\BsdSocketLib\OUTPUT\close.obj
c:\vector-edk-master\Build\AppPkg\DEBUG_VS2010x86\X64\StdLib\BsdSocketLib\BsdSocketLib\OUTPUT\connect.obj
c:\vector-edk-master\Build\AppPkg\DEBUG_VS2010x86\X64\StdLib\BsdSocketLib\BsdSocketLib\OUTPUT\getaddrinfo.obj
c:\vector-edk-master\Build\AppPkg\DEBUG_VS2010x86\X64\StdLib\BsdSocketLib\BsdSocketLib\OUTPUT\gethostbydns.obj
c:\vector-edk-master\Build\AppPkg\DEBUG_VS2010x86\X64\StdLib\BsdSocketLib\BsdSocketLib\OUTPUT\gethostbyht.obj
c:\vector-edk-master\Build\AppPkg\DEBUG_VS2010x86\X64\StdLib\BsdSocketLib\BsdSocketLib\OUTPUT\gethostbynis.obj
c:\vector-edk-master\Build\AppPkg\DEBUG_VS2010x86\X64\StdLib\BsdSocketLib\BsdSocketLib\OUTPUT\gethostname.obj
c:\vector-edk-master\Build\AppPkg\DEBUG_VS2010x86\X64\StdLib\BsdSocketLib\BsdSocketLib\OUTPUT\gethostnamadr.obj
c:\vector-edk-master\Build\AppPkg\DEBUG_VS2010x86\X64\StdLib\BsdSocketLib\BsdSocketLib\OUTPUT\getnameinfo.obj
c:\vector-edk-master\Build\AppPkg\DEBUG_VS2010x86\X64\StdLib\BsdSocketLib\BsdSocketLib\OUTPUT\getnetbydns.obj
c:\vector-edk-master\Build\AppPkg\DEBUG_VS2010x86\X64\StdLib\BsdSocketLib\BsdSocketLib\OUTPUT\getnetbynis.obj
c:\vector-edk-master\Build\AppPkg\DEBUG_VS2010x86\X64\StdLib\BsdSocketLib\BsdSocketLib\OUTPUT\getnetbyht.obj
c:\vector-edk-master\Build\AppPkg\DEBUG_VS2010x86\X64\StdLib\BsdSocketLib\BsdSocketLib\OUTPUT\getnetnamadr.obj
c:\vector-edk-master\Build\AppPkg\DEBUG_VS2010x86\X64\StdLib\BsdSocketLib\BsdSocketLib\OUTPUT\getpeername.obj
c:\vector-edk-master\Build\AppPkg\DEBUG_VS2010x86\X64\StdLib\BsdSocketLib\BsdSocketLib\OUTPUT\getprotoent.obj
c:\vector-edk-master\Build\AppPkg\DEBUG_VS2010x86\X64\StdLib\BsdSocketLib\BsdSocketLib\OUTPUT\getprotoname.obj
c:\vector-edk-master\Build\AppPkg\DEBUG_VS2010x86\X64\StdLib\BsdSocketLib\BsdSocketLib\OUTPUT\getproto.obj
c:\vector-edk-master\Build\AppPkg\DEBUG_VS2010x86\X64\StdLib\BsdSocketLib\BsdSocketLib\OUTPUT\getservbyname.obj
c:\vector-edk-master\Build\AppPkg\DEBUG_VS2010x86\X64\StdLib\BsdSocketLib\BsdSocketLib\OUTPUT\getservbyport.obj
c:\vector-edk-master\Build\AppPkg\DEBUG_VS2010x86\X64\StdLib\BsdSocketLib\BsdSocketLib\OUTPUT\getservent.obj
c:\vector-edk-master\Build\AppPkg\DEBUG_VS2010x86\X64\StdLib\BsdSocketLib\BsdSocketLib\OUTPUT\getsockname.obj
c:\vector-edk-master\Build\AppPkg\DEBUG_VS2010x86\X64\StdLib\BsdSocketLib\BsdSocketLib\OUTPUT\getsockopt.obj
c:\vector-edk-master\Build\AppPkg\DEBUG_VS2010x86\X64\StdLib\BsdSocketLib\BsdSocketLib\OUTPUT\herror.obj
c:\vector-edk-master\Build\AppPkg\DEBUG_VS2010x86\X64\StdLib\BsdSocketLib\BsdSocketLib\OUTPUT\inet_net_ntop.obj
c:\vector-edk-master\Build\AppPkg\DEBUG_VS2010x86\X64\StdLib\BsdSocketLib\BsdSocketLib\OUTPUT\inet_net_pton.obj
c:\vector-edk-master\Build\AppPkg\DEBUG_VS2010x86\X64\StdLib\BsdSocketLib\BsdSocketLib\OUTPUT\inet_neta.obj
c:\vector-edk-master\Build\AppPkg\DEBUG_VS2010x86\X64\StdLib\BsdSocketLib\BsdSocketLib\OUTPUT\inet_pton.obj
c:\vector-edk-master\Build\AppPkg\DEBUG_VS2010x86\X64\StdLib\BsdSocketLib\BsdSocketLib\OUTPUT\Ip6Addr_Any.obj
c:\vector-edk-master\Build\AppPkg\DEBUG_VS2010x86\X64\StdLib\BsdSocketLib\BsdSocketLib\OUTPUT\Ip6Addr_Loopback.obj
c:\vector-edk-master\Build\AppPkg\DEBUG_VS2010x86\X64\StdLib\BsdSocketLib\BsdSocketLib\OUTPUT\Ip6Addr_NodeLocal_AllNodes.obj
c:\vector-edk-master\Build\AppPkg\DEBUG_VS2010x86\X64\StdLib\BsdSocketLib\BsdSocketLib\OUTPUT\Ip6Addr_LinkLocal_AllNodes.obj
c:\vector-edk-master\Build\AppPkg\DEBUG_VS2010x86\X64\StdLib\BsdSocketLib\BsdSocketLib\OUTPUT\Ip6Addr_LinkLocal_AllRouters.obj
c:\vector-edk-master\Build\AppPkg\DEBUG_VS2010x86\X64\StdLib\BsdSocketLib\BsdSocketLib\OUTPUT\listen.obj
c:\vector-edk-master\Build\AppPkg\DEBUG_VS2010x86\X64\StdLib\BsdSocketLib\BsdSocketLib\OUTPUT\map_v4v6.obj
c:\vector-edk-master\Build\AppPkg\DEBUG_VS2010x86\X64\StdLib\BsdSocketLib\BsdSocketLib\OUTPUT\ns_addr.obj
c:\vector-edk-master\Build\AppPkg\DEBUG_VS2010x86\X64\StdLib\BsdSocketLib\BsdSocketLib\OUTPUT\ns_name.obj
c:\vector-edk-master\Build\AppPkg\DEBUG_VS2010x86\X64\StdLib\BsdSocketLib\BsdSocketLib\OUTPUT\ns_netint.obj
c:\vector-edk-master\Build\AppPkg\DEBUG_VS2010x86\X64\StdLib\BsdSocketLib\BsdSocketLib\OUTPUT\ns_ntoa.obj
c:\vector-edk-master\Build\AppPkg\DEBUG_VS2010x86\X64\StdLib\BsdSocketLib\BsdSocketLib\OUTPUT\ns_parse.obj
c:\vector-edk-master\Build\AppPkg\DEBUG_VS2010x86\X64\StdLib\BsdSocketLib\BsdSocketLib\OUTPUT\ns_print.obj
c:\vector-edk-master\Build\AppPkg\DEBUG_VS2010x86\X64\StdLib\BsdSocketLib\BsdSocketLib\OUTPUT\ns_ttl.obj
c:\vector-edk-master\Build\AppPkg\DEBUG_VS2010x86\X64\StdLib\BsdSocketLib\BsdSocketLib\OUTPUT\nsap_addr.obj
c:\vector-edk-master\Build\AppPkg\DEBUG_VS2010x86\X64\StdLib\BsdSocketLib\BsdSocketLib\OUTPUT\poll.obj
c:\vector-edk-master\Build\AppPkg\DEBUG_VS2010x86\X64\StdLib\BsdSocketLib\BsdSocketLib\OUTPUT\read.obj
c:\vector-edk-master\Build\AppPkg\DEBUG_VS2010x86\X64\StdLib\BsdSocketLib\BsdSocketLib\OUTPUT\recv.obj
c:\vector-edk-master\Build\AppPkg\DEBUG_VS2010x86\X64\StdLib\BsdSocketLib\BsdSocketLib\OUTPUT\recvfrom.obj
c:\vector-edk-master\Build\AppPkg\DEBUG_VS2010x86\X64\StdLib\BsdSocketLib\BsdSocketLib\OUTPUT\res_comp.obj
c:\vector-edk-master\Build\AppPkg\DEBUG_VS2010x86\X64\StdLib\BsdSocketLib\BsdSocketLib\OUTPUT\res_data.obj
c:\vector-edk-master\Build\AppPkg\DEBUG_VS2010x86\X64\StdLib\BsdSocketLib\BsdSocketLib\OUTPUT\res_debug.obj
c:\vector-edk-master\Build\AppPkg\DEBUG_VS2010x86\X64\StdLib\BsdSocketLib\BsdSocketLib\OUTPUT\res_init.obj
c:\vector-edk-master\Build\AppPkg\DEBUG_VS2010x86\X64\StdLib\BsdSocketLib\BsdSocketLib\OUTPUT\res_mkquery.obj
c:\vector-edk-master\Build\AppPkg\DEBUG_VS2010x86\X64\StdLib\BsdSocketLib\BsdSocketLib\OUTPUT\res_mkupdate.obj
c:\vector-edk-master\Build\AppPkg\DEBUG_VS2010x86\X64\StdLib\BsdSocketLib\BsdSocketLib\OUTPUT\res_query.obj
c:\vector-edk-master\Build\AppPkg\DEBUG_VS2010x86\X64\StdLib\BsdSocketLib\BsdSocketLib\OUTPUT\res_send.obj
c:\vector-edk-master\Build\AppPkg\DEBUG_VS2010x86\X64\StdLib\BsdSocketLib\BsdSocketLib\OUTPUT\res_update.obj
c:\vector-edk-master\Build\AppPkg\DEBUG_VS2010x86\X64\StdLib\BsdSocketLib\BsdSocketLib\OUTPUT\send.obj
c:\vector-edk-master\Build\AppPkg\DEBUG_VS2010x86\X64\StdLib\BsdSocketLib\BsdSocketLib\OUTPUT\sendto.obj
c:\vector-edk-master\Build\AppPkg\DEBUG_VS2010x86\X64\StdLib\BsdSocketLib\BsdSocketLib\OUTPUT\sethostname.obj
c:\vector-edk-master\Build\AppPkg\DEBUG_VS2010x86\X64\StdLib\BsdSocketLib\BsdSocketLib\OUTPUT\setsockopt.obj
c:\vector-edk-master\Build\AppPkg\DEBUG_VS2010x86\X64\StdLib\BsdSocketLib\BsdSocketLib\OUTPUT\shutdown.obj
c:\vector-edk-master\Build\AppPkg\DEBUG_VS2010x86\X64\StdLib\BsdSocketLib\BsdSocketLib\OUTPUT\socket.obj
c:\vector-edk-master\Build\AppPkg\DEBUG_VS2010x86\X64\StdLib\BsdSocketLib\BsdSocketLib\OUTPUT\write.obj