c:\vector-edk-master\Build\OvmfX64\RELEASE_VS2010x86\X64\MdePkg\Library\DxePcdLib\DxePcdLib\OUTPUT\DxePcdLib.lib
c:\vector-edk-master\Build\OvmfX64\RELEASE_VS2010x86\X64\MdePkg\Library\BaseMemoryLibRepStr\BaseMemoryLibRepStr\OUTPUT\BaseMemoryLibRepStr.lib
c:\vector-edk-master\Build\OvmfX64\RELEASE_VS2010x86\X64\MdePkg\Library\BaseLib\BaseLib\OUTPUT\BaseLib.lib
c:\vector-edk-master\Build\OvmfX64\RELEASE_VS2010x86\X64\MdePkg\Library\BaseDebugPrintErrorLevelLib\BaseDebugPrintErrorLevelLib\OUTPUT\BaseDebugPrintErrorLevelLib.lib
c:\vector-edk-master\Build\OvmfX64\RELEASE_VS2010x86\X64\MdePkg\Library\BaseIoLibIntrinsic\BaseIoLibIntrinsic\OUTPUT\BaseIoLibIntrinsic.lib
c:\vector-edk-master\Build\OvmfX64\RELEASE_VS2010x86\X64\MdePkg\Library\BasePrintLib\BasePrintLib\OUTPUT\BasePrintLib.lib
c:\vector-edk-master\Build\OvmfX64\RELEASE_VS2010x86\X64\OvmfPkg\Library\PlatformDebugLibIoPort\PlatformDebugLibIoPort\OUTPUT\PlatformDebugLibIoPort.lib
c:\vector-edk-master\Build\OvmfX64\RELEASE_VS2010x86\X64\MdePkg\Library\UefiBootServicesTableLib\UefiBootServicesTableLib\OUTPUT\UefiBootServicesTableLib.lib
c:\vector-edk-master\Build\OvmfX64\RELEASE_VS2010x86\X64\MdePkg\Library\UefiMemoryAllocationLib\UefiMemoryAllocationLib\OUTPUT\UefiMemoryAllocationLib.lib
c:\vector-edk-master\Build\OvmfX64\RELEASE_VS2010x86\X64\MdePkg\Library\UefiRuntimeServicesTableLib\UefiRuntimeServicesTableLib\OUTPUT\UefiRuntimeServicesTableLib.lib
c:\vector-edk-master\Build\OvmfX64\RELEASE_VS2010x86\X64\MdePkg\Library\UefiDevicePathLibDevicePathProtocol\UefiDevicePathLibDevicePathProtocol\OUTPUT\UefiDevicePathLibDevicePathProtocol.lib
c:\vector-edk-master\Build\OvmfX64\RELEASE_VS2010x86\X64\MdePkg\Library\BasePciCf8Lib\BasePciCf8Lib\OUTPUT\BasePciCf8Lib.lib
c:\vector-edk-master\Build\OvmfX64\RELEASE_VS2010x86\X64\MdePkg\Library\UefiLib\UefiLib\OUTPUT\UefiLib.lib
c:\vector-edk-master\Build\OvmfX64\RELEASE_VS2010x86\X64\MdePkg\Library\BasePciLibCf8\BasePciLibCf8\OUTPUT\BasePciLibCf8.lib
c:\vector-edk-master\Build\OvmfX64\RELEASE_VS2010x86\X64\MdeModulePkg\Library\UefiHiiServicesLib\UefiHiiServicesLib\OUTPUT\UefiHiiServicesLib.lib
c:\vector-edk-master\Build\OvmfX64\RELEASE_VS2010x86\X64\OvmfPkg\Library\SerializeVariablesLib\SerializeVariablesLib\OUTPUT\DxeSerializeVariablesLib.lib
c:\vector-edk-master\Build\OvmfX64\RELEASE_VS2010x86\X64\ShellPkg\Library\UefiFileHandleLib\UefiFileHandleLib\OUTPUT\BaseFileHandleLib.lib
c:\vector-edk-master\Build\OvmfX64\RELEASE_VS2010x86\X64\MdePkg\Library\DxeServicesLib\DxeServicesLib\OUTPUT\DxeServicesLib.lib
c:\vector-edk-master\Build\OvmfX64\RELEASE_VS2010x86\X64\OvmfPkg\Library\AcpiTimerLib\AcpiTimerLib\OUTPUT\AcpiTimerLib.lib
c:\vector-edk-master\Build\OvmfX64\RELEASE_VS2010x86\X64\MdePkg\Library\DxeServicesTableLib\DxeServicesTableLib\OUTPUT\DxeServicesTableLib.lib
c:\vector-edk-master\Build\OvmfX64\RELEASE_VS2010x86\X64\MdePkg\Library\BasePeCoffGetEntryPointLib\BasePeCoffGetEntryPointLib\OUTPUT\BasePeCoffGetEntryPointLib.lib
c:\vector-edk-master\Build\OvmfX64\RELEASE_VS2010x86\X64\MdeModulePkg\Library\UefiHiiLib\UefiHiiLib\OUTPUT\UefiHiiLib.lib
c:\vector-edk-master\Build\OvmfX64\RELEASE_VS2010x86\X64\MdePkg\Library\BasePerformanceLibNull\BasePerformanceLibNull\OUTPUT\BasePerformanceLibNull.lib
c:\vector-edk-master\Build\OvmfX64\RELEASE_VS2010x86\X64\MdeModulePkg\Library\DxeReportStatusCodeLib\DxeReportStatusCodeLib\OUTPUT\DxeReportStatusCodeLib.lib
c:\vector-edk-master\Build\OvmfX64\RELEASE_VS2010x86\X64\MdePkg\Library\DxeHobLib\DxeHobLib\OUTPUT\DxeHobLib.lib
c:\vector-edk-master\Build\OvmfX64\RELEASE_VS2010x86\X64\OvmfPkg\Library\LoadLinuxLib\LoadLinuxLib\OUTPUT\LoadLinuxLib.lib
c:\vector-edk-master\Build\OvmfX64\RELEASE_VS2010x86\X64\OvmfPkg\Library\QemuFwCfgLib\QemuFwCfgLib\OUTPUT\QemuFwCfgLib.lib
c:\vector-edk-master\Build\OvmfX64\RELEASE_VS2010x86\X64\OvmfPkg\Library\NvVarsFileLib\NvVarsFileLib\OUTPUT\NvVarsFileLib.lib
c:\vector-edk-master\Build\OvmfX64\RELEASE_VS2010x86\X64\IntelFrameworkModulePkg\Library\GenericBdsLib\GenericBdsLib\OUTPUT\GenericBdsLib.lib
c:\vector-edk-master\Build\OvmfX64\RELEASE_VS2010x86\X64\MdePkg\Library\UefiDriverEntryPoint\UefiDriverEntryPoint\OUTPUT\UefiDriverEntryPoint.lib
c:\vector-edk-master\Build\OvmfX64\RELEASE_VS2010x86\X64\OvmfPkg\Library\PlatformBdsLib\PlatformBdsLib\OUTPUT\PlatformBdsLib.lib
c:\vector-edk-master\Build\OvmfX64\RELEASE_VS2010x86\X64\MdeModulePkg\Library\DxeCapsuleLibNull\DxeCapsuleLibNull\OUTPUT\DxeCapsuleLibNull.lib
c:\vector-edk-master\Build\OvmfX64\RELEASE_VS2010x86\X64\IntelFrameworkModulePkg\Universal\BdsDxe\BdsDxe\OUTPUT\BdsDxe.lib