c:\vector-edk-master\Build\OvmfX64\RELEASE_VS2010x86\X64\MdePkg\Library\BaseMemoryLibRepStr\BaseMemoryLibRepStr\OUTPUT\ScanMem64Wrapper.obj
c:\vector-edk-master\Build\OvmfX64\RELEASE_VS2010x86\X64\MdePkg\Library\BaseMemoryLibRepStr\BaseMemoryLibRepStr\OUTPUT\ScanMem32Wrapper.obj
c:\vector-edk-master\Build\OvmfX64\RELEASE_VS2010x86\X64\MdePkg\Library\BaseMemoryLibRepStr\BaseMemoryLibRepStr\OUTPUT\ScanMem16Wrapper.obj
c:\vector-edk-master\Build\OvmfX64\RELEASE_VS2010x86\X64\MdePkg\Library\BaseMemoryLibRepStr\BaseMemoryLibRepStr\OUTPUT\ScanMem8Wrapper.obj
c:\vector-edk-master\Build\OvmfX64\RELEASE_VS2010x86\X64\MdePkg\Library\BaseMemoryLibRepStr\BaseMemoryLibRepStr\OUTPUT\ZeroMemWrapper.obj
c:\vector-edk-master\Build\OvmfX64\RELEASE_VS2010x86\X64\MdePkg\Library\BaseMemoryLibRepStr\BaseMemoryLibRepStr\OUTPUT\CompareMemWrapper.obj
c:\vector-edk-master\Build\OvmfX64\RELEASE_VS2010x86\X64\MdePkg\Library\BaseMemoryLibRepStr\BaseMemoryLibRepStr\OUTPUT\SetMem64Wrapper.obj
c:\vector-edk-master\Build\OvmfX64\RELEASE_VS2010x86\X64\MdePkg\Library\BaseMemoryLibRepStr\BaseMemoryLibRepStr\OUTPUT\SetMem32Wrapper.obj
c:\vector-edk-master\Build\OvmfX64\RELEASE_VS2010x86\X64\MdePkg\Library\BaseMemoryLibRepStr\BaseMemoryLibRepStr\OUTPUT\SetMem16Wrapper.obj
c:\vector-edk-master\Build\OvmfX64\RELEASE_VS2010x86\X64\MdePkg\Library\BaseMemoryLibRepStr\BaseMemoryLibRepStr\OUTPUT\SetMemWrapper.obj
c:\vector-edk-master\Build\OvmfX64\RELEASE_VS2010x86\X64\MdePkg\Library\BaseMemoryLibRepStr\BaseMemoryLibRepStr\OUTPUT\CopyMemWrapper.obj
c:\vector-edk-master\Build\OvmfX64\RELEASE_VS2010x86\X64\MdePkg\Library\BaseMemoryLibRepStr\BaseMemoryLibRepStr\OUTPUT\MemLibGuid.obj
c:\vector-edk-master\Build\OvmfX64\RELEASE_VS2010x86\X64\MdePkg\Library\BaseMemoryLibRepStr\BaseMemoryLibRepStr\OUTPUT\X64\ScanMem64.obj
c:\vector-edk-master\Build\OvmfX64\RELEASE_VS2010x86\X64\MdePkg\Library\BaseMemoryLibRepStr\BaseMemoryLibRepStr\OUTPUT\X64\ScanMem32.obj
c:\vector-edk-master\Build\OvmfX64\RELEASE_VS2010x86\X64\MdePkg\Library\BaseMemoryLibRepStr\BaseMemoryLibRepStr\OUTPUT\X64\ScanMem16.obj
c:\vector-edk-master\Build\OvmfX64\RELEASE_VS2010x86\X64\MdePkg\Library\BaseMemoryLibRepStr\BaseMemoryLibRepStr\OUTPUT\X64\ScanMem8.obj
c:\vector-edk-master\Build\OvmfX64\RELEASE_VS2010x86\X64\MdePkg\Library\BaseMemoryLibRepStr\BaseMemoryLibRepStr\OUTPUT\X64\CompareMem.obj
c:\vector-edk-master\Build\OvmfX64\RELEASE_VS2010x86\X64\MdePkg\Library\BaseMemoryLibRepStr\BaseMemoryLibRepStr\OUTPUT\X64\ZeroMem.obj
c:\vector-edk-master\Build\OvmfX64\RELEASE_VS2010x86\X64\MdePkg\Library\BaseMemoryLibRepStr\BaseMemoryLibRepStr\OUTPUT\X64\SetMem64.obj
c:\vector-edk-master\Build\OvmfX64\RELEASE_VS2010x86\X64\MdePkg\Library\BaseMemoryLibRepStr\BaseMemoryLibRepStr\OUTPUT\X64\SetMem32.obj
c:\vector-edk-master\Build\OvmfX64\RELEASE_VS2010x86\X64\MdePkg\Library\BaseMemoryLibRepStr\BaseMemoryLibRepStr\OUTPUT\X64\SetMem16.obj
c:\vector-edk-master\Build\OvmfX64\RELEASE_VS2010x86\X64\MdePkg\Library\BaseMemoryLibRepStr\BaseMemoryLibRepStr\OUTPUT\X64\SetMem.obj
c:\vector-edk-master\Build\OvmfX64\RELEASE_VS2010x86\X64\MdePkg\Library\BaseMemoryLibRepStr\BaseMemoryLibRepStr\OUTPUT\X64\CopyMem.obj