c:\vector-edk-master\Build\OvmfX64\RELEASE_VS2010x86\X64\MdePkg\Library\PeiMemoryAllocationLib\PeiMemoryAllocationLib\OUTPUT\PeiMemoryAllocationLib.lib
c:\vector-edk-master\Build\OvmfX64\RELEASE_VS2010x86\X64\MdePkg\Library\BaseMemoryLibRepStr\BaseMemoryLibRepStr\OUTPUT\BaseMemoryLibRepStr.lib
c:\vector-edk-master\Build\OvmfX64\RELEASE_VS2010x86\X64\MdePkg\Library\PeiPcdLib\PeiPcdLib\OUTPUT\PeiPcdLib.lib
c:\vector-edk-master\Build\OvmfX64\RELEASE_VS2010x86\X64\MdePkg\Library\BaseLib\BaseLib\OUTPUT\BaseLib.lib
c:\vector-edk-master\Build\OvmfX64\RELEASE_VS2010x86\X64\MdePkg\Library\PeiServicesLib\PeiServicesLib\OUTPUT\PeiServicesLib.lib
c:\vector-edk-master\Build\OvmfX64\RELEASE_VS2010x86\X64\MdePkg\Library\PeiHobLib\PeiHobLib\OUTPUT\PeiHobLib.lib
c:\vector-edk-master\Build\OvmfX64\RELEASE_VS2010x86\X64\MdePkg\Library\PeiServicesTablePointerLibIdt\PeiServicesTablePointerLibIdt\OUTPUT\PeiServicesTablePointerLibIdt.lib
c:\vector-edk-master\Build\OvmfX64\RELEASE_VS2010x86\X64\MdePkg\Library\BaseDebugPrintErrorLevelLib\BaseDebugPrintErrorLevelLib\OUTPUT\BaseDebugPrintErrorLevelLib.lib
c:\vector-edk-master\Build\OvmfX64\RELEASE_VS2010x86\X64\MdePkg\Library\BasePrintLib\BasePrintLib\OUTPUT\BasePrintLib.lib
c:\vector-edk-master\Build\OvmfX64\RELEASE_VS2010x86\X64\MdePkg\Library\BaseIoLibIntrinsic\BaseIoLibIntrinsic\OUTPUT\BaseIoLibIntrinsic.lib
c:\vector-edk-master\Build\OvmfX64\RELEASE_VS2010x86\X64\OvmfPkg\Library\PlatformDebugLibIoPort\PlatformDebugLibIoPort\OUTPUT\PlatformDebugLibIoPort.lib
c:\vector-edk-master\Build\OvmfX64\RELEASE_VS2010x86\X64\MdePkg\Library\BasePciCf8Lib\BasePciCf8Lib\OUTPUT\BasePciCf8Lib.lib
c:\vector-edk-master\Build\OvmfX64\RELEASE_VS2010x86\X64\MdePkg\Library\BasePciLibCf8\BasePciLibCf8\OUTPUT\BasePciLibCf8.lib
c:\vector-edk-master\Build\OvmfX64\RELEASE_VS2010x86\X64\OvmfPkg\Library\AcpiTimerLib\AcpiTimerLib\OUTPUT\AcpiTimerLib.lib
c:\vector-edk-master\Build\OvmfX64\RELEASE_VS2010x86\X64\MdeModulePkg\Library\OemHookStatusCodeLibNull\OemHookStatusCodeLibNull\OUTPUT\OemHookStatusCodeLibNull.lib
c:\vector-edk-master\Build\OvmfX64\RELEASE_VS2010x86\X64\MdePkg\Library\BasePerformanceLibNull\BasePerformanceLibNull\OUTPUT\BasePerformanceLibNull.lib
c:\vector-edk-master\Build\OvmfX64\RELEASE_VS2010x86\X64\MdePkg\Library\PeimEntryPoint\PeimEntryPoint\OUTPUT\PeimEntryPoint.lib
c:\vector-edk-master\Build\OvmfX64\RELEASE_VS2010x86\X64\MdeModulePkg\Library\DebugAgentLibNull\DebugAgentLibNull\OUTPUT\DebugAgentLibNull.lib
c:\vector-edk-master\Build\OvmfX64\RELEASE_VS2010x86\X64\UefiCpuPkg\Library\BaseXApicLib\BaseXApicLib\OUTPUT\BaseXApicLib.lib
c:\vector-edk-master\Build\OvmfX64\RELEASE_VS2010x86\X64\MdeModulePkg\Library\PeiReportStatusCodeLib\PeiReportStatusCodeLib\OUTPUT\PeiReportStatusCodeLib.lib
c:\vector-edk-master\Build\OvmfX64\RELEASE_VS2010x86\X64\OvmfPkg\Library\LockBoxLib\LockBoxBaseLib\OUTPUT\LockBoxBaseLib.lib
c:\vector-edk-master\Build\OvmfX64\RELEASE_VS2010x86\X64\UefiCpuPkg\Universal\Acpi\S3Resume2Pei\S3Resume2Pei\OUTPUT\S3Resume2Pei.lib