c:\vector-edk-master\Build\OvmfX64\RELEASE_VS2010x86\X64\MdePkg\Library\BaseLib\BaseLib\OUTPUT\BaseLib.lib
c:\vector-edk-master\Build\OvmfX64\RELEASE_VS2010x86\X64\MdePkg\Library\BaseMemoryLibRepStr\BaseMemoryLibRepStr\OUTPUT\BaseMemoryLibRepStr.lib
c:\vector-edk-master\Build\OvmfX64\RELEASE_VS2010x86\X64\MdePkg\Library\DxePcdLib\DxePcdLib\OUTPUT\DxePcdLib.lib
c:\vector-edk-master\Build\OvmfX64\RELEASE_VS2010x86\X64\MdePkg\Library\BaseDebugPrintErrorLevelLib\BaseDebugPrintErrorLevelLib\OUTPUT\BaseDebugPrintErrorLevelLib.lib
c:\vector-edk-master\Build\OvmfX64\RELEASE_VS2010x86\X64\MdePkg\Library\BasePrintLib\BasePrintLib\OUTPUT\BasePrintLib.lib
c:\vector-edk-master\Build\OvmfX64\RELEASE_VS2010x86\X64\MdePkg\Library\BaseIoLibIntrinsic\BaseIoLibIntrinsic\OUTPUT\BaseIoLibIntrinsic.lib
c:\vector-edk-master\Build\OvmfX64\RELEASE_VS2010x86\X64\OvmfPkg\Library\PlatformDebugLibIoPort\PlatformDebugLibIoPort\OUTPUT\PlatformDebugLibIoPort.lib
c:\vector-edk-master\Build\OvmfX64\RELEASE_VS2010x86\X64\MdePkg\Library\UefiBootServicesTableLib\UefiBootServicesTableLib\OUTPUT\UefiBootServicesTableLib.lib
c:\vector-edk-master\Build\OvmfX64\RELEASE_VS2010x86\X64\MdePkg\Library\BasePciCf8Lib\BasePciCf8Lib\OUTPUT\BasePciCf8Lib.lib
c:\vector-edk-master\Build\OvmfX64\RELEASE_VS2010x86\X64\MdePkg\Library\UefiMemoryAllocationLib\UefiMemoryAllocationLib\OUTPUT\UefiMemoryAllocationLib.lib
c:\vector-edk-master\Build\OvmfX64\RELEASE_VS2010x86\X64\MdePkg\Library\BasePciLibCf8\BasePciLibCf8\OUTPUT\BasePciLibCf8.lib
c:\vector-edk-master\Build\OvmfX64\RELEASE_VS2010x86\X64\MdePkg\Library\UefiDevicePathLibDevicePathProtocol\UefiDevicePathLibDevicePathProtocol\OUTPUT\UefiDevicePathLibDevicePathProtocol.lib
c:\vector-edk-master\Build\OvmfX64\RELEASE_VS2010x86\X64\MdePkg\Library\UefiRuntimeServicesTableLib\UefiRuntimeServicesTableLib\OUTPUT\UefiRuntimeServicesTableLib.lib
c:\vector-edk-master\Build\OvmfX64\RELEASE_VS2010x86\X64\OvmfPkg\Library\AcpiTimerLib\AcpiTimerLib\OUTPUT\AcpiTimerLib.lib
c:\vector-edk-master\Build\OvmfX64\RELEASE_VS2010x86\X64\OvmfPkg\Library\LockBoxLib\LockBoxDxeLib\OUTPUT\LockBoxDxeLib.lib
c:\vector-edk-master\Build\OvmfX64\RELEASE_VS2010x86\X64\MdePkg\Library\UefiLib\UefiLib\OUTPUT\UefiLib.lib
c:\vector-edk-master\Build\OvmfX64\RELEASE_VS2010x86\X64\MdePkg\Library\BaseSmbusLibNull\BaseSmbusLibNull\OUTPUT\BaseSmbusLibNull.lib
c:\vector-edk-master\Build\OvmfX64\RELEASE_VS2010x86\X64\MdePkg\Library\BasePeCoffExtraActionLibNull\BasePeCoffExtraActionLibNull\OUTPUT\PeCoffExtraActionLibNull.lib
c:\vector-edk-master\Build\OvmfX64\RELEASE_VS2010x86\X64\MdePkg\Library\BasePeCoffGetEntryPointLib\BasePeCoffGetEntryPointLib\OUTPUT\BasePeCoffGetEntryPointLib.lib
c:\vector-edk-master\Build\OvmfX64\RELEASE_VS2010x86\X64\UefiCpuPkg\Library\BaseXApicLib\BaseXApicLib\OUTPUT\BaseXApicLib.lib
c:\vector-edk-master\Build\OvmfX64\RELEASE_VS2010x86\X64\MdePkg\Library\BaseSynchronizationLib\BaseSynchronizationLib\OUTPUT\BaseSynchronizationLib.lib
c:\vector-edk-master\Build\OvmfX64\RELEASE_VS2010x86\X64\PcAtChipsetPkg\Library\SerialIoLib\SerialIoLib\OUTPUT\PcAtSerialPortLib.lib
c:\vector-edk-master\Build\OvmfX64\RELEASE_VS2010x86\X64\MdePkg\Library\UefiDriverEntryPoint\UefiDriverEntryPoint\OUTPUT\UefiDriverEntryPoint.lib
c:\vector-edk-master\Build\OvmfX64\RELEASE_VS2010x86\X64\MdeModulePkg\Library\PiDxeS3BootScriptLib\DxeS3BootScriptLib\OUTPUT\DxeS3BootScriptLib.lib
c:\vector-edk-master\Build\OvmfX64\RELEASE_VS2010x86\X64\MdePkg\Library\BasePeCoffLib\BasePeCoffLib\OUTPUT\BasePeCoffLib.lib
c:\vector-edk-master\Build\OvmfX64\RELEASE_VS2010x86\X64\MdePkg\Library\DxeServicesLib\DxeServicesLib\OUTPUT\DxeServicesLib.lib
c:\vector-edk-master\Build\OvmfX64\RELEASE_VS2010x86\X64\MdePkg\Library\BaseCacheMaintenanceLib\BaseCacheMaintenanceLib\OUTPUT\BaseCacheMaintenanceLib.lib
c:\vector-edk-master\Build\OvmfX64\RELEASE_VS2010x86\X64\MdeModulePkg\Library\DebugAgentLibNull\DebugAgentLibNull\OUTPUT\DebugAgentLibNull.lib
c:\vector-edk-master\Build\OvmfX64\RELEASE_VS2010x86\X64\UefiCpuPkg\Library\CpuExceptionHandlerLib\DxeCpuExceptionHandlerLib\OUTPUT\DxeCpuExceptionHandlerLib.lib
c:\vector-edk-master\Build\OvmfX64\RELEASE_VS2010x86\X64\MdeModulePkg\Universal\Acpi\BootScriptExecutorDxe\BootScriptExecutorDxe\OUTPUT\BootScriptExecutorDxe.lib